Oct 09, 2014 7:38:30 PM org.apache.catalina.core.AprLifecycleListener init
INFO: The APR based Apache Tomcat Native library which allows optimal performance in production environments was not found on the java.library.path: C:\Program Files\Java\jdk1.8.0_20\bin;C:\Windows\Sun\Java\bin;C:\Windows\system32;C:\Windows;C:\Windows\system32;C:\Windows;C:\Windows\System32\Wbem;C:\Windows\System32\WindowsPowerShell\v1.0\;C:\Program Files\Intel\WiFi\bin\;C:\Program Files\Common Files\Intel\WirelessCommon\;C:\Program Files (x86)\Intel\OpenCL SDK\2.0\bin\x86;C:\Program Files (x86)\Intel\OpenCL SDK\2.0\bin\x64;C:\Program Files\Microsoft\Web Platform Installer\;C:\Program Files (x86)\Microsoft ASP.NET\ASP.NET Web Pages\v1.0\;C:\Program Files (x86)\Windows Kits\8.0\Windows Performance Toolkit\;C:\Program Files\Microsoft SQL Server\110\Tools\Binn\;C:\Program Files\Microsoft SQL Server\110\DTS\Binn\;C:\Program Files (x86)\Microsoft SQL Server\110\Tools\Binn\;C:\Program Files (x86)\Microsoft SQL Server\110\Tools\Binn\ManagementStudio\;C:\Program Files (x86)\Microsoft Visual Studio 10.0\Common7\IDE\PrivateAssemblies\;C:\Program Files (x86)\Microsoft SQL Server\110\DTS\Binn\;C:\Program Files\Intel\WiFi\bin\;C:\Program Files\Common Files\Intel\WirelessCommon\;.
Oct 09, 2014 7:38:31 PM org.apache.coyote.AbstractProtocol init
INFO: Initializing ProtocolHandler ["http-bio-8080"]
Oct 09, 2014 7:38:31 PM org.apache.coyote.AbstractProtocol init
INFO: Initializing ProtocolHandler ["ajp-bio-8009"]
Oct 09, 2014 7:38:31 PM org.apache.catalina.startup.Catalina load
INFO: Initialization processed in 1174 ms
Oct 09, 2014 7:38:31 PM org.apache.catalina.core.StandardService startInternal
INFO: Starting service Catalina
Oct 09, 2014 7:38:31 PM org.apache.catalina.core.StandardEngine startInternal
INFO: Starting Servlet Engine: Apache Tomcat/7.0.55
Oct 09, 2014 7:38:31 PM org.apache.catalina.startup.HostConfig deployDirectory
INFO: Deploying web application directory D:\Java\apache-tomcat-7.0.55\apache-tomcat-7.0.55\webapps\docs
Oct 09, 2014 7:38:32 PM org.apache.catalina.util.SessionIdGenerator createSecureRandom
INFO: Creation of SecureRandom instance for session ID generation using [SHA1PRNG] took [311] milliseconds.
Oct 09, 2014 7:38:32 PM org.apache.catalina.startup.HostConfig deployDirectory
INFO: Deployment of web application directory D:\Java\apache-tomcat-7.0.55\apache-tomcat-7.0.55\webapps\docs has finished in 1,153 ms
Oct 09, 2014 7:38:32 PM org.apache.catalina.startup.HostConfig deployDirectory
INFO: Deploying web application directory D:\Java\apache-tomcat-7.0.55\apache-tomcat-7.0.55\webapps\examples
Oct 09, 2014 7:38:34 PM org.apache.catalina.startup.HostConfig deployDirectory
INFO: Deployment of web application directory D:\Java\apache-tomcat-7.0.55\apache-tomcat-7.0.55\webapps\examples has finished in 1,364 ms
Oct 09, 2014 7:38:34 PM org.apache.catalina.startup.HostConfig deployDirectory
INFO: Deploying web application directory D:\Java\apache-tomcat-7.0.55\apache-tomcat-7.0.55\webapps\host-manager
Oct 09, 2014 7:38:34 PM org.apache.catalina.startup.HostConfig deployDirectory
INFO: Deployment of web application directory D:\Java\apache-tomcat-7.0.55\apache-tomcat-7.0.55\webapps\host-manager has finished in 196 ms
Oct 09, 2014 7:38:34 PM org.apache.catalina.startup.HostConfig deployDirectory
INFO: Deploying web application directory D:\Java\apache-tomcat-7.0.55\apache-tomcat-7.0.55\webapps\manager
Oct 09, 2014 7:38:34 PM org.apache.catalina.startup.HostConfig deployDirectory
INFO: Deployment of web application directory D:\Java\apache-tomcat-7.0.55\apache-tomcat-7.0.55\webapps\manager has finished in 143 ms
Oct 09, 2014 7:38:34 PM org.apache.catalina.startup.HostConfig deployDirectory
INFO: Deploying web application directory D:\Java\apache-tomcat-7.0.55\apache-tomcat-7.0.55\webapps\ROOT
Oct 09, 2014 7:38:34 PM org.apache.catalina.startup.HostConfig deployDirectory
INFO: Deployment of web application directory D:\Java\apache-tomcat-7.0.55\apache-tomcat-7.0.55\webapps\ROOT has finished in 162 ms
Oct 09, 2014 7:38:34 PM org.apache.coyote.AbstractProtocol start
INFO: Starting ProtocolHandler ["http-bio-8080"]
Oct 09, 2014 7:38:34 PM org.apache.coyote.AbstractProtocol start
INFO: Starting ProtocolHandler ["ajp-bio-8009"]
Oct 09, 2014 7:38:34 PM org.apache.catalina.startup.Catalina start
INFO: Server startup in 3151 ms
Oct 09, 2014 7:38:35 PM org.apache.catalina.startup.HostConfig deployDescriptor
INFO: Deploying configuration descriptor D:\Java\apache-tomcat-7.0.55\apache-tomcat-7.0.55\conf\Catalina\localhost\BookOnline.xml
Oct 09, 2014 7:38:36 PM org.apache.catalina.startup.HostConfig deployDescriptor
INFO: Deployment of configuration descriptor D:\Java\apache-tomcat-7.0.55\apache-tomcat-7.0.55\conf\Catalina\localhost\BookOnline.xml has finished in 175 ms
Oct 09, 2014 7:38:36 PM org.apache.catalina.util.LifecycleBase start
INFO: The start() method was called on component [StandardEngine[Catalina].StandardHost[localhost].StandardContext[/BookOnline]] after start() had already been called. The second call will be ignored.
Oct 09, 2014 7:39:38 PM org.apache.catalina.core.StandardContext reload
INFO: Reloading Context with name [/BookOnline] has started
Oct 09, 2014 7:39:39 PM org.apache.catalina.core.StandardContext reload
INFO: Reloading Context with name [/BookOnline] is completed
Oct 09, 2014 7:39:39 PM org.apache.catalina.core.StandardContext reload
INFO: Reloading Context with name [/BookOnline] has started
Oct 09, 2014 7:39:39 PM org.apache.catalina.core.StandardContext reload
INFO: Reloading Context with name [/BookOnline] is completed
Oct 09, 2014 7:39:49 PM org.apache.catalina.core.StandardServer await
INFO: A valid shutdown command was received via the shutdown port. Stopping the Server instance.
Oct 09, 2014 7:39:49 PM org.apache.coyote.AbstractProtocol pause
INFO: Pausing ProtocolHandler ["http-bio-8080"]
Oct 09, 2014 7:39:49 PM org.apache.coyote.AbstractProtocol pause
INFO: Pausing ProtocolHandler ["ajp-bio-8009"]
Oct 09, 2014 7:39:49 PM org.apache.catalina.core.StandardService stopInternal
INFO: Stopping service Catalina
Oct 09, 2014 7:39:49 PM org.apache.coyote.AbstractProtocol stop
INFO: Stopping ProtocolHandler ["http-bio-8080"]
Oct 09, 2014 7:39:49 PM org.apache.coyote.AbstractProtocol stop
INFO: Stopping ProtocolHandler ["ajp-bio-8009"]
Oct 09, 2014 7:39:49 PM org.apache.coyote.AbstractProtocol destroy
INFO: Destroying ProtocolHandler ["http-bio-8080"]
Oct 09, 2014 7:39:49 PM org.apache.coyote.AbstractProtocol destroy
INFO: Destroying ProtocolHandler ["ajp-bio-8009"]
Oct 09, 2014 7:39:55 PM org.apache.catalina.core.AprLifecycleListener init
INFO: The APR based Apache Tomcat Native library which allows optimal performance in production environments was not found on the java.library.path: C:\Program Files\Java\jdk1.8.0_20\bin;C:\Windows\Sun\Java\bin;C:\Windows\system32;C:\Windows;C:\Windows\system32;C:\Windows;C:\Windows\System32\Wbem;C:\Windows\System32\WindowsPowerShell\v1.0\;C:\Program Files\Intel\WiFi\bin\;C:\Program Files\Common Files\Intel\WirelessCommon\;C:\Program Files (x86)\Intel\OpenCL SDK\2.0\bin\x86;C:\Program Files (x86)\Intel\OpenCL SDK\2.0\bin\x64;C:\Program Files\Microsoft\Web Platform Installer\;C:\Program Files (x86)\Microsoft ASP.NET\ASP.NET Web Pages\v1.0\;C:\Program Files (x86)\Windows Kits\8.0\Windows Performance Toolkit\;C:\Program Files\Microsoft SQL Server\110\Tools\Binn\;C:\Program Files\Microsoft SQL Server\110\DTS\Binn\;C:\Program Files (x86)\Microsoft SQL Server\110\Tools\Binn\;C:\Program Files (x86)\Microsoft SQL Server\110\Tools\Binn\ManagementStudio\;C:\Program Files (x86)\Microsoft Visual Studio 10.0\Common7\IDE\PrivateAssemblies\;C:\Program Files (x86)\Microsoft SQL Server\110\DTS\Binn\;C:\Program Files\Intel\WiFi\bin\;C:\Program Files\Common Files\Intel\WirelessCommon\;.
Oct 09, 2014 7:39:55 PM org.apache.coyote.AbstractProtocol init
INFO: Initializing ProtocolHandler ["http-bio-8080"]
Oct 09, 2014 7:39:55 PM org.apache.coyote.AbstractProtocol init
INFO: Initializing ProtocolHandler ["ajp-bio-8009"]
Oct 09, 2014 7:39:55 PM org.apache.catalina.startup.Catalina load
INFO: Initialization processed in 1029 ms
Oct 09, 2014 7:39:55 PM org.apache.catalina.core.StandardService startInternal
INFO: Starting service Catalina
Oct 09, 2014 7:39:55 PM org.apache.catalina.core.StandardEngine startInternal
INFO: Starting Servlet Engine: Apache Tomcat/7.0.55
Oct 09, 2014 7:39:55 PM org.apache.catalina.startup.HostConfig deployDescriptor
INFO: Deploying configuration descriptor D:\Java\apache-tomcat-7.0.55\apache-tomcat-7.0.55\conf\Catalina\localhost\BookOnline.xml
Oct 09, 2014 7:39:56 PM org.apache.catalina.util.SessionIdGenerator createSecureRandom
INFO: Creation of SecureRandom instance for session ID generation using [SHA1PRNG] took [341] milliseconds.
Oct 09, 2014 7:39:56 PM org.apache.catalina.startup.HostConfig deployDescriptor
INFO: Deployment of configuration descriptor D:\Java\apache-tomcat-7.0.55\apache-tomcat-7.0.55\conf\Catalina\localhost\BookOnline.xml has finished in 1,061 ms
Oct 09, 2014 7:39:56 PM org.apache.catalina.startup.HostConfig deployDirectory
INFO: Deploying web application directory D:\Java\apache-tomcat-7.0.55\apache-tomcat-7.0.55\webapps\docs
Oct 09, 2014 7:39:56 PM org.apache.catalina.startup.HostConfig deployDirectory
INFO: Deployment of web application directory D:\Java\apache-tomcat-7.0.55\apache-tomcat-7.0.55\webapps\docs has finished in 115 ms
Oct 09, 2014 7:39:56 PM org.apache.catalina.startup.HostConfig deployDirectory
INFO: Deploying web application directory D:\Java\apache-tomcat-7.0.55\apache-tomcat-7.0.55\webapps\examples
Oct 09, 2014 7:39:57 PM org.apache.catalina.startup.HostConfig deployDirectory
INFO: Deployment of web application directory D:\Java\apache-tomcat-7.0.55\apache-tomcat-7.0.55\webapps\examples has finished in 819 ms
Oct 09, 2014 7:39:57 PM org.apache.catalina.startup.HostConfig deployDirectory
INFO: Deploying web application directory D:\Java\apache-tomcat-7.0.55\apache-tomcat-7.0.55\webapps\host-manager
Oct 09, 2014 7:39:57 PM org.apache.catalina.startup.HostConfig deployDirectory
INFO: Deployment of web application directory D:\Java\apache-tomcat-7.0.55\apache-tomcat-7.0.55\webapps\host-manager has finished in 118 ms
Oct 09, 2014 7:39:57 PM org.apache.catalina.startup.HostConfig deployDirectory
INFO: Deploying web application directory D:\Java\apache-tomcat-7.0.55\apache-tomcat-7.0.55\webapps\manager
Oct 09, 2014 7:39:58 PM org.apache.catalina.startup.HostConfig deployDirectory
INFO: Deployment of web application directory D:\Java\apache-tomcat-7.0.55\apache-tomcat-7.0.55\webapps\manager has finished in 135 ms
Oct 09, 2014 7:39:58 PM org.apache.catalina.startup.HostConfig deployDirectory
INFO: Deploying web application directory D:\Java\apache-tomcat-7.0.55\apache-tomcat-7.0.55\webapps\ROOT
Oct 09, 2014 7:39:58 PM org.apache.catalina.startup.HostConfig deployDirectory
INFO: Deployment of web application directory D:\Java\apache-tomcat-7.0.55\apache-tomcat-7.0.55\webapps\ROOT has finished in 246 ms
Oct 09, 2014 7:39:58 PM org.apache.coyote.AbstractProtocol start
INFO: Starting ProtocolHandler ["http-bio-8080"]
Oct 09, 2014 7:39:58 PM org.apache.coyote.AbstractProtocol start
INFO: Starting ProtocolHandler ["ajp-bio-8009"]
Oct 09, 2014 7:39:58 PM org.apache.catalina.startup.Catalina start
INFO: Server startup in 2607 ms
Oct 09, 2014 7:40:00 PM org.apache.catalina.core.StandardContext reload
INFO: Reloading Context with name [/BookOnline] has started
Oct 09, 2014 7:40:00 PM org.apache.catalina.core.StandardContext reload
INFO: Reloading Context with name [/BookOnline] is completed
Oct 09, 2014 7:41:50 PM org.apache.catalina.core.StandardServer await
INFO: A valid shutdown command was received via the shutdown port. Stopping the Server instance.
Oct 09, 2014 7:41:50 PM org.apache.coyote.AbstractProtocol pause
INFO: Pausing ProtocolHandler ["http-bio-8080"]
Oct 09, 2014 7:41:50 PM org.apache.coyote.AbstractProtocol pause
INFO: Pausing ProtocolHandler ["ajp-bio-8009"]
Oct 09, 2014 7:41:50 PM org.apache.catalina.core.StandardService stopInternal
INFO: Stopping service Catalina
Oct 09, 2014 7:41:50 PM org.apache.coyote.AbstractProtocol stop
INFO: Stopping ProtocolHandler ["http-bio-8080"]
Oct 09, 2014 7:41:50 PM org.apache.coyote.AbstractProtocol stop
INFO: Stopping ProtocolHandler ["ajp-bio-8009"]
Oct 09, 2014 7:41:50 PM org.apache.coyote.AbstractProtocol destroy
INFO: Destroying ProtocolHandler ["http-bio-8080"]
Oct 09, 2014 7:41:50 PM org.apache.coyote.AbstractProtocol destroy
INFO: Destroying ProtocolHandler ["ajp-bio-8009"]
Oct 09, 2014 7:41:52 PM org.apache.catalina.core.AprLifecycleListener init
INFO: The APR based Apache Tomcat Native library which allows optimal performance in production environments was not found on the java.library.path: C:\Program Files\Java\jdk1.8.0_20\bin;C:\Windows\Sun\Java\bin;C:\Windows\system32;C:\Windows;C:\Windows\system32;C:\Windows;C:\Windows\System32\Wbem;C:\Windows\System32\WindowsPowerShell\v1.0\;C:\Program Files\Intel\WiFi\bin\;C:\Program Files\Common Files\Intel\WirelessCommon\;C:\Program Files (x86)\Intel\OpenCL SDK\2.0\bin\x86;C:\Program Files (x86)\Intel\OpenCL SDK\2.0\bin\x64;C:\Program Files\Microsoft\Web Platform Installer\;C:\Program Files (x86)\Microsoft ASP.NET\ASP.NET Web Pages\v1.0\;C:\Program Files (x86)\Windows Kits\8.0\Windows Performance Toolkit\;C:\Program Files\Microsoft SQL Server\110\Tools\Binn\;C:\Program Files\Microsoft SQL Server\110\DTS\Binn\;C:\Program Files (x86)\Microsoft SQL Server\110\Tools\Binn\;C:\Program Files (x86)\Microsoft SQL Server\110\Tools\Binn\ManagementStudio\;C:\Program Files (x86)\Microsoft Visual Studio 10.0\Common7\IDE\PrivateAssemblies\;C:\Program Files (x86)\Microsoft SQL Server\110\DTS\Binn\;C:\Program Files\Intel\WiFi\bin\;C:\Program Files\Common Files\Intel\WirelessCommon\;.
Oct 09, 2014 7:41:53 PM org.apache.coyote.AbstractProtocol init
INFO: Initializing ProtocolHandler ["http-bio-8080"]
Oct 09, 2014 7:41:53 PM org.apache.coyote.AbstractProtocol init
INFO: Initializing ProtocolHandler ["ajp-bio-8009"]
Oct 09, 2014 7:41:53 PM org.apache.catalina.startup.Catalina load
INFO: Initialization processed in 1076 ms
Oct 09, 2014 7:41:53 PM org.apache.catalina.core.StandardService startInternal
INFO: Starting service Catalina
Oct 09, 2014 7:41:53 PM org.apache.catalina.core.StandardEngine startInternal
INFO: Starting Servlet Engine: Apache Tomcat/7.0.55
Oct 09, 2014 7:41:53 PM org.apache.catalina.startup.HostConfig deployDescriptor
INFO: Deploying configuration descriptor D:\Java\apache-tomcat-7.0.55\apache-tomcat-7.0.55\conf\Catalina\localhost\BookOnline.xml
Oct 09, 2014 7:41:54 PM org.apache.catalina.util.SessionIdGenerator createSecureRandom
INFO: Creation of SecureRandom instance for session ID generation using [SHA1PRNG] took [550] milliseconds.
Oct 09, 2014 7:41:54 PM org.apache.catalina.startup.HostConfig deployDescriptor
INFO: Deployment of configuration descriptor D:\Java\apache-tomcat-7.0.55\apache-tomcat-7.0.55\conf\Catalina\localhost\BookOnline.xml has finished in 1,327 ms
Oct 09, 2014 7:41:54 PM org.apache.catalina.startup.HostConfig deployDirectory
INFO: Deploying web application directory D:\Java\apache-tomcat-7.0.55\apache-tomcat-7.0.55\webapps\docs
Oct 09, 2014 7:41:54 PM org.apache.catalina.startup.HostConfig deployDirectory
INFO: Deployment of web application directory D:\Java\apache-tomcat-7.0.55\apache-tomcat-7.0.55\webapps\docs has finished in 111 ms
Oct 09, 2014 7:41:54 PM org.apache.catalina.startup.HostConfig deployDirectory
INFO: Deploying web application directory D:\Java\apache-tomcat-7.0.55\apache-tomcat-7.0.55\webapps\examples
Oct 09, 2014 7:41:55 PM org.apache.catalina.startup.HostConfig deployDirectory
INFO: Deployment of web application directory D:\Java\apache-tomcat-7.0.55\apache-tomcat-7.0.55\webapps\examples has finished in 656 ms
Oct 09, 2014 7:41:55 PM org.apache.catalina.startup.HostConfig deployDirectory
INFO: Deploying web application directory D:\Java\apache-tomcat-7.0.55\apache-tomcat-7.0.55\webapps\host-manager
Oct 09, 2014 7:41:55 PM org.apache.catalina.startup.HostConfig deployDirectory
INFO: Deployment of web application directory D:\Java\apache-tomcat-7.0.55\apache-tomcat-7.0.55\webapps\host-manager has finished in 99 ms
Oct 09, 2014 7:41:55 PM org.apache.catalina.startup.HostConfig deployDirectory
INFO: Deploying web application directory D:\Java\apache-tomcat-7.0.55\apache-tomcat-7.0.55\webapps\manager
Oct 09, 2014 7:41:55 PM org.apache.catalina.startup.HostConfig deployDirectory
INFO: Deployment of web application directory D:\Java\apache-tomcat-7.0.55\apache-tomcat-7.0.55\webapps\manager has finished in 84 ms
Oct 09, 2014 7:41:55 PM org.apache.catalina.startup.HostConfig deployDirectory
INFO: Deploying web application directory D:\Java\apache-tomcat-7.0.55\apache-tomcat-7.0.55\webapps\ROOT
Oct 09, 2014 7:41:55 PM org.apache.catalina.startup.HostConfig deployDirectory
INFO: Deployment of web application directory D:\Java\apache-tomcat-7.0.55\apache-tomcat-7.0.55\webapps\ROOT has finished in 131 ms
Oct 09, 2014 7:41:55 PM org.apache.coyote.AbstractProtocol start
INFO: Starting ProtocolHandler ["http-bio-8080"]
Oct 09, 2014 7:41:55 PM org.apache.coyote.AbstractProtocol start
INFO: Starting ProtocolHandler ["ajp-bio-8009"]
Oct 09, 2014 7:41:55 PM org.apache.catalina.startup.Catalina start
INFO: Server startup in 2536 ms
Oct 09, 2014 7:42:10 PM org.apache.catalina.core.StandardContext reload
INFO: Reloading Context with name [/BookOnline] has started
Oct 09, 2014 7:42:11 PM org.apache.catalina.core.StandardContext reload
INFO: Reloading Context with name [/BookOnline] is completed
Oct 09, 2014 7:42:13 PM org.apache.catalina.core.StandardServer await
INFO: A valid shutdown command was received via the shutdown port. Stopping the Server instance.
Oct 09, 2014 7:42:13 PM org.apache.coyote.AbstractProtocol pause
INFO: Pausing ProtocolHandler ["http-bio-8080"]
Oct 09, 2014 7:42:13 PM org.apache.coyote.AbstractProtocol pause
INFO: Pausing ProtocolHandler ["ajp-bio-8009"]
Oct 09, 2014 7:42:13 PM org.apache.catalina.core.StandardService stopInternal
INFO: Stopping service Catalina
Oct 09, 2014 7:42:13 PM org.apache.coyote.AbstractProtocol stop
INFO: Stopping ProtocolHandler ["http-bio-8080"]
Oct 09, 2014 7:42:13 PM org.apache.coyote.AbstractProtocol stop
INFO: Stopping ProtocolHandler ["ajp-bio-8009"]
Oct 09, 2014 7:42:13 PM org.apache.coyote.AbstractProtocol destroy
INFO: Destroying ProtocolHandler ["http-bio-8080"]
Oct 09, 2014 7:42:13 PM org.apache.coyote.AbstractProtocol destroy
INFO: Destroying ProtocolHandler ["ajp-bio-8009"]
Oct 09, 2014 7:43:35 PM org.apache.catalina.core.AprLifecycleListener init
INFO: The APR based Apache Tomcat Native library which allows optimal performance in production environments was not found on the java.library.path: C:\Program Files\Java\jdk1.8.0_20\bin;C:\Windows\Sun\Java\bin;C:\Windows\system32;C:\Windows;C:\Windows\system32;C:\Windows;C:\Windows\System32\Wbem;C:\Windows\System32\WindowsPowerShell\v1.0\;C:\Program Files\Intel\WiFi\bin\;C:\Program Files\Common Files\Intel\WirelessCommon\;C:\Program Files (x86)\Intel\OpenCL SDK\2.0\bin\x86;C:\Program Files (x86)\Intel\OpenCL SDK\2.0\bin\x64;C:\Program Files\Microsoft\Web Platform Installer\;C:\Program Files (x86)\Microsoft ASP.NET\ASP.NET Web Pages\v1.0\;C:\Program Files (x86)\Windows Kits\8.0\Windows Performance Toolkit\;C:\Program Files\Microsoft SQL Server\110\Tools\Binn\;C:\Program Files\Microsoft SQL Server\110\DTS\Binn\;C:\Program Files (x86)\Microsoft SQL Server\110\Tools\Binn\;C:\Program Files (x86)\Microsoft SQL Server\110\Tools\Binn\ManagementStudio\;C:\Program Files (x86)\Microsoft Visual Studio 10.0\Common7\IDE\PrivateAssemblies\;C:\Program Files (x86)\Microsoft SQL Server\110\DTS\Binn\;C:\Program Files\Intel\WiFi\bin\;C:\Program Files\Common Files\Intel\WirelessCommon\;.
Oct 09, 2014 7:43:35 PM org.apache.coyote.AbstractProtocol init
INFO: Initializing ProtocolHandler ["http-bio-8080"]
Oct 09, 2014 7:43:35 PM org.apache.coyote.AbstractProtocol init
INFO: Initializing ProtocolHandler ["ajp-bio-8009"]
Oct 09, 2014 7:43:35 PM org.apache.catalina.startup.Catalina load
INFO: Initialization processed in 1353 ms
Oct 09, 2014 7:43:35 PM org.apache.catalina.core.StandardService startInternal
INFO: Starting service Catalina
Oct 09, 2014 7:43:35 PM org.apache.catalina.core.StandardEngine startInternal
INFO: Starting Servlet Engine: Apache Tomcat/7.0.55
Oct 09, 2014 7:43:35 PM org.apache.catalina.startup.HostConfig deployDescriptor
INFO: Deploying configuration descriptor D:\Java\apache-tomcat-7.0.55\apache-tomcat-7.0.55\conf\Catalina\localhost\BookOnline.xml
Oct 09, 2014 7:43:36 PM org.apache.catalina.util.SessionIdGenerator createSecureRandom
INFO: Creation of SecureRandom instance for session ID generation using [SHA1PRNG] took [317] milliseconds.
Oct 09, 2014 7:43:36 PM org.apache.catalina.startup.HostConfig deployDescriptor
INFO: Deployment of configuration descriptor D:\Java\apache-tomcat-7.0.55\apache-tomcat-7.0.55\conf\Catalina\localhost\BookOnline.xml has finished in 1,084 ms
Oct 09, 2014 7:43:36 PM org.apache.catalina.startup.HostConfig deployDirectory
INFO: Deploying web application directory D:\Java\apache-tomcat-7.0.55\apache-tomcat-7.0.55\webapps\docs
Oct 09, 2014 7:43:37 PM org.apache.catalina.startup.HostConfig deployDirectory
INFO: Deployment of web application directory D:\Java\apache-tomcat-7.0.55\apache-tomcat-7.0.55\webapps\docs has finished in 101 ms
Oct 09, 2014 7:43:37 PM org.apache.catalina.startup.HostConfig deployDirectory
INFO: Deploying web application directory D:\Java\apache-tomcat-7.0.55\apache-tomcat-7.0.55\webapps\examples
Oct 09, 2014 7:43:37 PM org.apache.catalina.startup.HostConfig deployDirectory
INFO: Deployment of web application directory D:\Java\apache-tomcat-7.0.55\apache-tomcat-7.0.55\webapps\examples has finished in 546 ms
Oct 09, 2014 7:43:37 PM org.apache.catalina.startup.HostConfig deployDirectory
INFO: Deploying web application directory D:\Java\apache-tomcat-7.0.55\apache-tomcat-7.0.55\webapps\host-manager
Oct 09, 2014 7:43:37 PM org.apache.catalina.startup.HostConfig deployDirectory
INFO: Deployment of web application directory D:\Java\apache-tomcat-7.0.55\apache-tomcat-7.0.55\webapps\host-manager has finished in 102 ms
Oct 09, 2014 7:43:37 PM org.apache.catalina.startup.HostConfig deployDirectory
INFO: Deploying web application directory D:\Java\apache-tomcat-7.0.55\apache-tomcat-7.0.55\webapps\manager
Oct 09, 2014 7:43:37 PM org.apache.catalina.startup.HostConfig deployDirectory
INFO: Deployment of web application directory D:\Java\apache-tomcat-7.0.55\apache-tomcat-7.0.55\webapps\manager has finished in 98 ms
Oct 09, 2014 7:43:37 PM org.apache.catalina.startup.HostConfig deployDirectory
INFO: Deploying web application directory D:\Java\apache-tomcat-7.0.55\apache-tomcat-7.0.55\webapps\ROOT
Oct 09, 2014 7:43:37 PM org.apache.catalina.startup.HostConfig deployDirectory
INFO: Deployment of web application directory D:\Java\apache-tomcat-7.0.55\apache-tomcat-7.0.55\webapps\ROOT has finished in 103 ms
Oct 09, 2014 7:43:37 PM org.apache.coyote.AbstractProtocol start
INFO: Starting ProtocolHandler ["http-bio-8080"]
Oct 09, 2014 7:43:37 PM org.apache.coyote.AbstractProtocol start
INFO: Starting ProtocolHandler ["ajp-bio-8009"]
Oct 09, 2014 7:43:37 PM org.apache.catalina.startup.Catalina start
INFO: Server startup in 2148 ms
Oct 09, 2014 7:43:40 PM org.apache.catalina.core.StandardContext reload
INFO: Reloading Context with name [/BookOnline] has started
Oct 09, 2014 7:43:40 PM org.apache.catalina.core.StandardContext reload
INFO: Reloading Context with name [/BookOnline] is completed
Oct 09, 2014 7:46:17 PM org.apache.catalina.core.StandardContext reload
INFO: Reloading Context with name [/BookOnline] has started
Oct 09, 2014 7:46:17 PM org.apache.catalina.core.StandardContext reload
INFO: Reloading Context with name [/BookOnline] is completed
Oct 09, 2014 7:46:17 PM org.apache.catalina.core.StandardContext reload
INFO: Reloading Context with name [/BookOnline] has started
Oct 09, 2014 7:46:18 PM org.apache.catalina.core.StandardContext reload
INFO: Reloading Context with name [/BookOnline] is completed
